<?xml version="1.0" encoding="UTF-8"?>
<testsuite xmlns:xsi="http://www.w3.org/2001/XMLSchema-instance" xsi:schemaLocation="https://maven.apache.org/surefire/maven-surefire-plugin/xsd/surefire-test-report.xsd" name="com.jomighty.testurl.test.features.accesspage.WhenUserAccessPage" time="125.122" tests="18" errors="0" skipped="0" failures="2">
  <properties>
[...]
</properties>
  <testcase name="a_when_http_redirect_https_testcase_1" classname="com.jomighty.testurl.test.features.accesspage.WhenUserAccessPage" time="10.784"/>
  <testcase name="a_when_http_redirect_https_testcase_2" classname="com.jomighty.testurl.test.features.accesspage.WhenUserAccessPage" time="5.842"/>
  <testcase name="a_when_http_redirect_https_testcase_3" classname="com.jomighty.testurl.test.features.accesspage.WhenUserAccessPage" time="5.282"/>
  <testcase name="a_when_http_redirect_https_testcase_4" classname="com.jomighty.testurl.test.features.accesspage.WhenUserAccessPage" time="4.663">
    <failure message="Redirection should be at https://www.sp.edu.sg/wps/portal/vp-spws, but current url is https://www.sp.edu.sg/wps/portal/Home/Welcome/!ut/p/a1/04_Sj9CPykssy0xPLMnMz0vMAfGjzOKd3R09TMx9DAwsXFycDTxdnCzN_MxMDQxcDYAKIoEKDHAARwNC-sP1o1CVGJhYGIGUeLiYW_oaGHiaQRXgsaIgN8Ig01FREQDGF4rz/dl5/d5/L2dBISEvZ0FBIS9nQSEh/" type="java.lang.AssertionError">java.lang.AssertionError: Redirection should be at https://www.sp.edu.sg/wps/portal/vp-spws, but current url is https://www.sp.edu.sg/wps/portal/Home/Welcome/!ut/p/a1/04_Sj9CPykssy0xPLMnMz0vMAfGjzOKd3R09TMx9DAwsXFycDTxdnCzN_MxMDQxcDYAKIoEKDHAARwNC-sP1o1CVGJhYGIGUeLiYW_oaGHiaQRXgsaIgN8Ig01FREQDGF4rz/dl5/d5/L2dBISEvZ0FBIS9nQSEh/
	at com.jomighty.testurl.test.features.accesspage.WhenUserAccessPage.a_when_http_redirect_https_testcase_4(WhenUserAccessPage.java:57)
</failure>
    <system-err><![CDATA[[main] INFO net.serenitybdd.core.Serenity - 
        __    _____ _____ ____ _____   ____   _    ____  ____  _____ ____  
  _     \ \  |_   _| ____/ ___|_   _| |  _ \ / \  / ___|/ ___|| ____|  _ \ 
 (_)_____| |   | | |  _| \___ \ | |   | |_) / _ \ \___ \\___ \|  _| | | | |
  _|_____| |   | | | |___ ___) || |   |  __/ ___ \ ___) |___) | |___| |_| |
 (_)     | |   |_| |_____|____/ |_|   |_| /_/   \_\____/|____/|_____|____/ 
        /_/                                                                

TEST PASSED: A when http redirect https testcase 3
----------------------------------------------------------------------------
[main] INFO net.serenitybdd.core.Serenity - 
 _____ _____ ____ _____   ____ _____  _    ____ _____ _____ ____  
|_   _| ____/ ___|_   _| / ___|_   _|/ \  |  _ \_   _| ____|  _ \ 
  | | |  _| \___ \ | |   \___ \ | | / _ \ | |_) || | |  _| | | | |
  | | | |___ ___) || |    ___) || |/ ___ \|  _ < | | | |___| |_| |
  |_| |_____|____/ |_|   |____/ |_/_/   \_\_| \_\|_| |_____|____/ 
                                                                  

TEST STARTED: a_when_http_redirect_https_testcase_4
-------------------------------------------------------------------
[main] INFO net.serenitybdd.core.Serenity - TEST NUMBER: 4
]]></system-err>
  </testcase>
  <testcase name="a_when_http_redirect_https_testcase_5" classname="com.jomighty.testurl.test.features.accesspage.WhenUserAccessPage" time="4.262">
    <failure message="Redirection should be at https://www.sp.edu.sg/wps/portal/vp-spws, but current url is https://www.sp.edu.sg/wps/portal/Home/Welcome/!ut/p/a1/04_Sj9CPykssy0xPLMnMz0vMAfGjzOKd3R09TMx9DAwsXFycDTxdnCzN_MxMDQxcDYAKIoEKDHAARwNC-sP1o1CVGJhYGIGUeLiYW_oaGHiaQRXgsaIgN8Ig01FREQDGF4rz/dl5/d5/L2dBISEvZ0FBIS9nQSEh/" type="java.lang.AssertionError">java.lang.AssertionError: Redirection should be at https://www.sp.edu.sg/wps/portal/vp-spws, but current url is https://www.sp.edu.sg/wps/portal/Home/Welcome/!ut/p/a1/04_Sj9CPykssy0xPLMnMz0vMAfGjzOKd3R09TMx9DAwsXFycDTxdnCzN_MxMDQxcDYAKIoEKDHAARwNC-sP1o1CVGJhYGIGUeLiYW_oaGHiaQRXgsaIgN8Ig01FREQDGF4rz/dl5/d5/L2dBISEvZ0FBIS9nQSEh/
	at com.jomighty.testurl.test.features.accesspage.WhenUserAccessPage.a_when_http_redirect_https_testcase_5(WhenUserAccessPage.java:63)
</failure>
    <system-err><![CDATA[[main] ERROR net.serenitybdd.core.Serenity - 
           __  _____ _____ ____ _____   _____ _    ___ _     _____ ____  
  _       / / |_   _| ____/ ___|_   _| |  ___/ \  |_ _| |   | ____|  _ \ 
 (_)_____| |    | | |  _| \___ \ | |   | |_ / _ \  | || |   |  _| | | | |
  _|_____| |    | | | |___ ___) || |   |  _/ ___ \ | || |___| |___| |_| |
 (_)     | |    |_| |_____|____/ |_|   |_|/_/   \_\___|_____|_____|____/ 
          \_\                                                            

TEST FAILED: A when http redirect https testcase 4
--------------------------------------------------------------------------
[main] ERROR net.serenitybdd.core.Serenity - TEST FAILED AT STEP Should see https: https://www.sp.edu.sg/wps/portal/vp-spws
[main] ERROR net.serenitybdd.core.Serenity - Redirection should be at https://www.sp.edu.sg/wps/portal/vp-spws, but current url is https://www.sp.edu.sg/wps/portal/Home/Welcome/!ut/p/a1/04_Sj9CPykssy0xPLMnMz0vMAfGjzOKd3R09TMx9DAwsXFycDTxdnCzN_MxMDQxcDYAKIoEKDHAARwNC-sP1o1CVGJhYGIGUeLiYW_oaGHiaQRXgsaIgN8Ig01FREQDGF4rz/dl5/d5/L2dBISEvZ0FBIS9nQSEh/
[main] INFO net.serenitybdd.core.Serenity - 
 _____ _____ ____ _____   ____ _____  _    ____ _____ _____ ____  
|_   _| ____/ ___|_   _| / ___|_   _|/ \  |  _ \_   _| ____|  _ \ 
  | | |  _| \___ \ | |   \___ \ | | / _ \ | |_) || | |  _| | | | |
  | | | |___ ___) || |    ___) || |/ ___ \|  _ < | | | |___| |_| |
  |_| |_____|____/ |_|   |____/ |_/_/   \_\_| \_\|_| |_____|____/ 
                                                                  

TEST STARTED: a_when_http_redirect_https_testcase_5
-------------------------------------------------------------------
[main] INFO net.serenitybdd.core.Serenity - TEST NUMBER: 5
]]></system-err>
  </testcase>
  <testcase name="b_when_http_map_redirect_https_testcase_1" classname="com.jomighty.testurl.test.features.accesspage.WhenUserAccessPage" time="4.439"/>
  <testcase name="b_when_https_map_redirect_https_testcase_2" classname="com.jomighty.testurl.test.features.accesspage.WhenUserAccessPage" time="3.207"/>
  <testcase name="c_when_mobile_http_redirect_https_testcase_1" classname="com.jomighty.testurl.test.features.accesspage.WhenUserAccessPage" time="9.25"/>
  <testcase name="c_when_mobile_https_redirect_https_testcase_2" classname="com.jomighty.testurl.test.features.accesspage.WhenUserAccessPage" time="9.603"/>
  <testcase name="d_when_test_subdir_testcase_1" classname="com.jomighty.testurl.test.features.accesspage.WhenUserAccessPage" time="4.291"/>
  <testcase name="d_when_test_subdir_testcase_2" classname="com.jomighty.testurl.test.features.accesspage.WhenUserAccessPage" time="3.067"/>
  <testcase name="d_when_test_subdir_testcase_3" classname="com.jomighty.testurl.test.features.accesspage.WhenUserAccessPage" time="5.886"/>
  <testcase name="d_when_test_subdir_testcase_4" classname="com.jomighty.testurl.test.features.accesspage.WhenUserAccessPage" time="4.808"/>
  <testcase name="d_when_test_subdir_testcase_5" classname="com.jomighty.testurl.test.features.accesspage.WhenUserAccessPage" time="3.532"/>
  <testcase name="d_when_test_subdir_testcase_6" classname="com.jomighty.testurl.test.features.accesspage.WhenUserAccessPage" time="3.576"/>
  <testcase name="d_when_test_subdir_testcase_7" classname="com.jomighty.testurl.test.features.accesspage.WhenUserAccessPage" time="4.524"/>
  <testcase name="e_when_google_search_redirection_testcase_1" classname="com.jomighty.testurl.test.features.accesspage.WhenUserAccessPage" time="16.198"/>
  <testcase name="f_when_google_mobile_search_redirection_testcase_1" classname="com.jomighty.testurl.test.features.accesspage.WhenUserAccessPage" time="11.321"/>
</testsuite>