<?xml version="1.0" encoding="UTF-8"?>
<testsuite xmlns:xsi="http://www.w3.org/2001/XMLSchema-instance" xsi:schemaLocation="https://maven.apache.org/surefire/maven-surefire-plugin/xsd/surefire-test-report.xsd" name="com.jomighty.testurl.test.features.accesspage.WhenUserAccessPage" time="125.122" tests="18" errors="0" skipped="0" failures="2">
  <properties>
    <property name="java.runtime.name" value="Java(TM) SE Runtime Environment"/>
    <property name="sun.boot.library.path" value="C:\Program Files\Java\jdk1.8.0_101\jre\bin"/>
    <property name="java.vm.version" value="25.101-b13"/>
    <property name="java.vm.vendor" value="Oracle Corporation"/>
    <property name="maven.multiModuleProjectDirectory" value="C:\Users\jolene.aw\workspace_test\TestURLApp"/>
    <property name="java.vendor.url" value="http://java.oracle.com/"/>
    <property name="path.separator" value=";"/>
    <property name="guice.disable.misplaced.annotation.check" value="true"/>
    <property name="java.vm.name" value="Java HotSpot(TM) 64-Bit Server VM"/>
    <property name="file.encoding.pkg" value="sun.io"/>
    <property name="user.script" value=""/>
    <property name="user.country" value="US"/>
    <property name="sun.java.launcher" value="SUN_STANDARD"/>
    <property name="sun.os.patch.level" value=""/>
    <property name="java.vm.specification.name" value="Java Virtual Machine Specification"/>
    <property name="user.dir" value="C:\Users\jolene.aw\workspace_test\TestURLApp"/>
    <property name="java.runtime.version" value="1.8.0_101-b13"/>
    <property name="java.awt.graphicsenv" value="sun.awt.Win32GraphicsEnvironment"/>
    <property name="java.endorsed.dirs" value="C:\Program Files\Java\jdk1.8.0_101\jre\lib\endorsed"/>
    <property name="os.arch" value="amd64"/>
    <property name="java.io.tmpdir" value="C:\Users\jolene.aw\AppData\Local\Temp\"/>
    <property name="line.separator" value="&#10;"/>
    <property name="java.vm.specification.vendor" value="Oracle Corporation"/>
    <property name="user.variant" value=""/>
    <property name="os.name" value="Windows 10"/>
    <property name="classworlds.conf" value="C:\Users\jolene.aw\workspace_test\.metadata\.plugins\org.eclipse.m2e.launching\launches\m2conf1961067338563479236.tmp"/>
    <property name="sun.jnu.encoding" value="GBK"/>
    <property name="java.library.path" value="C:\Program Files\Java\jdk1.8.0_101\bin;C:\WINDOWS\Sun\Java\bin;C:\WINDOWS\system32;C:\WINDOWS;C:/Program Files/Java/jdk1.8.0_101/jre/bin/server;C:/Program Files/Java/jdk1.8.0_101/jre/bin;C:/Program Files/Java/jdk1.8.0_101/jre/lib/amd64;C:/Program Files/Java/jdk1.8.0_101/jre/bin/server;C:/Program Files/Java/jdk1.8.0_101/jre/bin;C:/Program Files/Java/jdk1.8.0_101/jre/lib/amd64;C:\oraclexe\app\oracle\product\11.2.0\server\bin;C:\ProgramData\Oracle\Java\javapath;C:\ProgramData\Oracle\Java\javapathxxx;C:\ProgramData\Oracle\Java\qqqqqqqjavapath;C:\Program Files (x86)\Intel\iCLS Client\;C:\Program Files\Intel\iCLS Client\;C:\WINDOWS\system32;C:\WINDOWS;C:\WINDOWS\System32\Wbem;C:\WINDOWS\System32\WindowsPowerShell\v1.0\;C:\Program Files\Lenovo\Touch Fingerprint Software\;C:\Program Files (x86)\Common Files\Lenovo;C:\ProgramData\Lenovo\ReadyApps;C:\Program Files\Java\jdk1.8.0_101\bin\;C:\Program Files\Java\jre1.8.0_101\bin\;C:\Program Files\nodejs\;C:\Program Files\MySQL\MySQL Utilities 1.6\;C:\Program Files (x86)\Intel\Intel(R) Management Engine Components\DAL;C:\Program Files\Intel\Intel(R) Management Engine Components\DAL;C:\Program Files (x86)\Intel\Intel(R) Management Engine Components\IPT;C:\Program Files\Intel\Intel(R) Management Engine Components\IPT;C:\Users\jolene.aw\Development\apache-maven-3.5.0\bin\;C:\Program Files (x86)\Skype\Phone\;c:\Program Files (x86)\Microsoft SQL Server\110\Tools\Binn\;c:\Program Files\Microsoft SQL Server\110\Tools\Binn\;c:\Program Files\Microsoft SQL Server\110\DTS\Binn\;c:\Program Files (x86)\Microsoft SQL Server\110\Tools\Binn\ManagementStudio\;c:\Program Files (x86)\Microsoft SQL Server\110\DTS\Binn\;C:\Program Files\TortoiseSVN\bin;C:\Users\jolene.aw\Development\apache-ant-1.10.1\bin\;C:\Program Files (x86)\Calibre2\;C:\Program Files\Intel\WiFi\bin\;C:\Program Files\Common Files\Intel\WirelessCommon\;C:\Program Files\Git\cmd;%CATALINA_HOME%\bin\;C:\Program Files\Cloud Foundry;C:\Program Files\Intel\WiFi\bin\;C:\Program Files\Common Files\Intel\WirelessCommon\;C:\Users\jolene.aw\Desktop;;C:\Users\jolene.aw\eclipse\java-neon\eclipse;;."/>
    <property name="java.specification.name" value="Java Platform API Specification"/>
    <property name="java.class.version" value="52.0"/>
    <property name="sun.management.compiler" value="HotSpot 64-Bit Tiered Compilers"/>
    <property name="os.version" value="10.0"/>
    <property name="user.home" value="C:\Users\jolene.aw"/>
    <property name="user.timezone" value="Asia/Singapore"/>
    <property name="java.awt.printerjob" value="sun.awt.windows.WPrinterJob"/>
    <property name="java.specification.version" value="1.8"/>
    <property name="file.encoding" value="GBK"/>
    <property name="user.name" value="jolene.aw"/>
    <property name="java.class.path" value="/C:/Users/jolene.aw/eclipse/java-neon/eclipse/../../../.p2/pool/plugins/org.eclipse.m2e.maven.runtime_1.7.0.20160603-1931/jars/plexus-classworlds-2.5.2.jar"/>
    <property name="java.vm.specification.version" value="1.8"/>
    <property name="sun.arch.data.model" value="64"/>
    <property name="java.home" value="C:\Program Files\Java\jdk1.8.0_101\jre"/>
    <property name="sun.java.command" value="org.codehaus.plexus.classworlds.launcher.Launcher -B clean verify"/>
    <property name="java.specification.vendor" value="Oracle Corporation"/>
    <property name="user.language" value="en"/>
    <property name="awt.toolkit" value="sun.awt.windows.WToolkit"/>
    <property name="java.vm.info" value="mixed mode"/>
    <property name="java.version" value="1.8.0_101"/>
    <property name="java.ext.dirs" value="C:\Program Files\Java\jdk1.8.0_101\jre\lib\ext;C:\WINDOWS\Sun\Java\lib\ext"/>
    <property name="sun.boot.class.path" value="C:\Program Files\Java\jdk1.8.0_101\jre\lib\resources.jar;C:\Program Files\Java\jdk1.8.0_101\jre\lib\rt.jar;C:\Program Files\Java\jdk1.8.0_101\jre\lib\sunrsasign.jar;C:\Program Files\Java\jdk1.8.0_101\jre\lib\jsse.jar;C:\Program Files\Java\jdk1.8.0_101\jre\lib\jce.jar;C:\Program Files\Java\jdk1.8.0_101\jre\lib\charsets.jar;C:\Program Files\Java\jdk1.8.0_101\jre\lib\jfr.jar;C:\Program Files\Java\jdk1.8.0_101\jre\classes"/>
    <property name="java.vendor" value="Oracle Corporation"/>
    <property name="maven.home" value="C:\Users\jolene.aw\workspace_test\TestURLApp\EMBEDDED"/>
    <property name="file.separator" value="\"/>
    <property name="java.vendor.url.bug" value="http://bugreport.sun.com/bugreport/"/>
    <property name="sun.cpu.endian" value="little"/>
    <property name="sun.io.unicode.encoding" value="UnicodeLittle"/>
    <property name="sun.desktop" value="windows"/>
    <property name="sun.cpu.isalist" value="amd64"/>
  </properties>
  <testcase name="a_when_http_redirect_https_testcase_1" classname="com.jomighty.testurl.test.features.accesspage.WhenUserAccessPage" time="10.784"/>
  <testcase name="a_when_http_redirect_https_testcase_2" classname="com.jomighty.testurl.test.features.accesspage.WhenUserAccessPage" time="5.842"/>
  <testcase name="a_when_http_redirect_https_testcase_3" classname="com.jomighty.testurl.test.features.accesspage.WhenUserAccessPage" time="5.282"/>
  <testcase name="a_when_http_redirect_https_testcase_4" classname="com.jomighty.testurl.test.features.accesspage.WhenUserAccessPage" time="4.663">
    <failure message="Redirection should be at https://www.sp.edu.sg/wps/portal/vp-spws, but current url is https://www.sp.edu.sg/wps/portal/Home/Welcome/!ut/p/a1/04_Sj9CPykssy0xPLMnMz0vMAfGjzOKd3R09TMx9DAwsXFycDTxdnCzN_MxMDQxcDYAKIoEKDHAARwNC-sP1o1CVGJhYGIGUeLiYW_oaGHiaQRXgsaIgN8Ig01FREQDGF4rz/dl5/d5/L2dBISEvZ0FBIS9nQSEh/" type="java.lang.AssertionError">java.lang.AssertionError: Redirection should be at https://www.sp.edu.sg/wps/portal/vp-spws, but current url is https://www.sp.edu.sg/wps/portal/Home/Welcome/!ut/p/a1/04_Sj9CPykssy0xPLMnMz0vMAfGjzOKd3R09TMx9DAwsXFycDTxdnCzN_MxMDQxcDYAKIoEKDHAARwNC-sP1o1CVGJhYGIGUeLiYW_oaGHiaQRXgsaIgN8Ig01FREQDGF4rz/dl5/d5/L2dBISEvZ0FBIS9nQSEh/
	at com.jomighty.testurl.test.features.accesspage.WhenUserAccessPage.a_when_http_redirect_https_testcase_4(WhenUserAccessPage.java:57)
</failure>
    <system-err><![CDATA[[main] INFO net.serenitybdd.core.Serenity - 
        __    _____ _____ ____ _____   ____   _    ____  ____  _____ ____  
  _     \ \  |_   _| ____/ ___|_   _| |  _ \ / \  / ___|/ ___|| ____|  _ \ 
 (_)_____| |   | | |  _| \___ \ | |   | |_) / _ \ \___ \\___ \|  _| | | | |
  _|_____| |   | | | |___ ___) || |   |  __/ ___ \ ___) |___) | |___| |_| |
 (_)     | |   |_| |_____|____/ |_|   |_| /_/   \_\____/|____/|_____|____/ 
        /_/                                                                

TEST PASSED: A when http redirect https testcase 3
----------------------------------------------------------------------------
[main] INFO net.serenitybdd.core.Serenity - 
 _____ _____ ____ _____   ____ _____  _    ____ _____ _____ ____  
|_   _| ____/ ___|_   _| / ___|_   _|/ \  |  _ \_   _| ____|  _ \ 
  | | |  _| \___ \ | |   \___ \ | | / _ \ | |_) || | |  _| | | | |
  | | | |___ ___) || |    ___) || |/ ___ \|  _ < | | | |___| |_| |
  |_| |_____|____/ |_|   |____/ |_/_/   \_\_| \_\|_| |_____|____/ 
                                                                  

TEST STARTED: a_when_http_redirect_https_testcase_4
-------------------------------------------------------------------
[main] INFO net.serenitybdd.core.Serenity - TEST NUMBER: 4
]]></system-err>
  </testcase>
  <testcase name="a_when_http_redirect_https_testcase_5" classname="com.jomighty.testurl.test.features.accesspage.WhenUserAccessPage" time="4.262">
    <failure message="Redirection should be at https://www.sp.edu.sg/wps/portal/vp-spws, but current url is https://www.sp.edu.sg/wps/portal/Home/Welcome/!ut/p/a1/04_Sj9CPykssy0xPLMnMz0vMAfGjzOKd3R09TMx9DAwsXFycDTxdnCzN_MxMDQxcDYAKIoEKDHAARwNC-sP1o1CVGJhYGIGUeLiYW_oaGHiaQRXgsaIgN8Ig01FREQDGF4rz/dl5/d5/L2dBISEvZ0FBIS9nQSEh/" type="java.lang.AssertionError">java.lang.AssertionError: Redirection should be at https://www.sp.edu.sg/wps/portal/vp-spws, but current url is https://www.sp.edu.sg/wps/portal/Home/Welcome/!ut/p/a1/04_Sj9CPykssy0xPLMnMz0vMAfGjzOKd3R09TMx9DAwsXFycDTxdnCzN_MxMDQxcDYAKIoEKDHAARwNC-sP1o1CVGJhYGIGUeLiYW_oaGHiaQRXgsaIgN8Ig01FREQDGF4rz/dl5/d5/L2dBISEvZ0FBIS9nQSEh/
	at com.jomighty.testurl.test.features.accesspage.WhenUserAccessPage.a_when_http_redirect_https_testcase_5(WhenUserAccessPage.java:63)
</failure>
    <system-err><![CDATA[[main] ERROR net.serenitybdd.core.Serenity - 
           __  _____ _____ ____ _____   _____ _    ___ _     _____ ____  
  _       / / |_   _| ____/ ___|_   _| |  ___/ \  |_ _| |   | ____|  _ \ 
 (_)_____| |    | | |  _| \___ \ | |   | |_ / _ \  | || |   |  _| | | | |
  _|_____| |    | | | |___ ___) || |   |  _/ ___ \ | || |___| |___| |_| |
 (_)     | |    |_| |_____|____/ |_|   |_|/_/   \_\___|_____|_____|____/ 
          \_\                                                            

TEST FAILED: A when http redirect https testcase 4
--------------------------------------------------------------------------
[main] ERROR net.serenitybdd.core.Serenity - TEST FAILED AT STEP Should see https: https://www.sp.edu.sg/wps/portal/vp-spws
[main] ERROR net.serenitybdd.core.Serenity - Redirection should be at https://www.sp.edu.sg/wps/portal/vp-spws, but current url is https://www.sp.edu.sg/wps/portal/Home/Welcome/!ut/p/a1/04_Sj9CPykssy0xPLMnMz0vMAfGjzOKd3R09TMx9DAwsXFycDTxdnCzN_MxMDQxcDYAKIoEKDHAARwNC-sP1o1CVGJhYGIGUeLiYW_oaGHiaQRXgsaIgN8Ig01FREQDGF4rz/dl5/d5/L2dBISEvZ0FBIS9nQSEh/
[main] INFO net.serenitybdd.core.Serenity - 
 _____ _____ ____ _____   ____ _____  _    ____ _____ _____ ____  
|_   _| ____/ ___|_   _| / ___|_   _|/ \  |  _ \_   _| ____|  _ \ 
  | | |  _| \___ \ | |   \___ \ | | / _ \ | |_) || | |  _| | | | |
  | | | |___ ___) || |    ___) || |/ ___ \|  _ < | | | |___| |_| |
  |_| |_____|____/ |_|   |____/ |_/_/   \_\_| \_\|_| |_____|____/ 
                                                                  

TEST STARTED: a_when_http_redirect_https_testcase_5
-------------------------------------------------------------------
[main] INFO net.serenitybdd.core.Serenity - TEST NUMBER: 5
]]></system-err>
  </testcase>
  <testcase name="b_when_http_map_redirect_https_testcase_1" classname="com.jomighty.testurl.test.features.accesspage.WhenUserAccessPage" time="4.439"/>
  <testcase name="b_when_https_map_redirect_https_testcase_2" classname="com.jomighty.testurl.test.features.accesspage.WhenUserAccessPage" time="3.207"/>
  <testcase name="c_when_mobile_http_redirect_https_testcase_1" classname="com.jomighty.testurl.test.features.accesspage.WhenUserAccessPage" time="9.25"/>
  <testcase name="c_when_mobile_https_redirect_https_testcase_2" classname="com.jomighty.testurl.test.features.accesspage.WhenUserAccessPage" time="9.603"/>
  <testcase name="d_when_test_subdir_testcase_1" classname="com.jomighty.testurl.test.features.accesspage.WhenUserAccessPage" time="4.291"/>
  <testcase name="d_when_test_subdir_testcase_2" classname="com.jomighty.testurl.test.features.accesspage.WhenUserAccessPage" time="3.067"/>
  <testcase name="d_when_test_subdir_testcase_3" classname="com.jomighty.testurl.test.features.accesspage.WhenUserAccessPage" time="5.886"/>
  <testcase name="d_when_test_subdir_testcase_4" classname="com.jomighty.testurl.test.features.accesspage.WhenUserAccessPage" time="4.808"/>
  <testcase name="d_when_test_subdir_testcase_5" classname="com.jomighty.testurl.test.features.accesspage.WhenUserAccessPage" time="3.532"/>
  <testcase name="d_when_test_subdir_testcase_6" classname="com.jomighty.testurl.test.features.accesspage.WhenUserAccessPage" time="3.576"/>
  <testcase name="d_when_test_subdir_testcase_7" classname="com.jomighty.testurl.test.features.accesspage.WhenUserAccessPage" time="4.524"/>
  <testcase name="e_when_google_search_redirection_testcase_1" classname="com.jomighty.testurl.test.features.accesspage.WhenUserAccessPage" time="16.198"/>
  <testcase name="f_when_google_mobile_search_redirection_testcase_1" classname="com.jomighty.testurl.test.features.accesspage.WhenUserAccessPage" time="11.321"/>
</testsuite>