<?xml version="1.0" encoding="UTF-8"?><testsuite errors="0" failures="2" name="com.jomighty.testurl.test.features.accesspage.WhenUserAccessPage" skipped="0" tests="18" time="114.46" timestamp="2017-11-07T20:12:11.206+08:00[Asia/Singapore]"><testcase classname="com.jomighty.testurl.test.features.accesspage.WhenUserAccessPage" name="A when http redirect https testcase 1"/><testcase classname="com.jomighty.testurl.test.features.accesspage.WhenUserAccessPage" name="A when http redirect https testcase 2"/><testcase classname="com.jomighty.testurl.test.features.accesspage.WhenUserAccessPage" name="A when http redirect https testcase 3"/><testcase classname="com.jomighty.testurl.test.features.accesspage.WhenUserAccessPage" name="A when http redirect https testcase 4"><failure message="Redirection should be at https://www.sp.edu.sg/wps/portal/vp-spws, but current url is https://www.sp.edu.sg/wps/portal/Home/Welcome/!ut/p/a1/04_Sj9CPykssy0xPLMnMz0vMAfGjzOKd3R09TMx9DAwsXFycDTxdnCzN_MxMDQxcDYAKIoEKDHAARwNC-sP1o1CVGJhYGIGUeLiYW_oaGHiaQRXgsaIgN8Ig01FREQDGF4rz/dl5/d5/L2dBISEvZ0FBIS9nQSEh/" type="java.lang.AssertionError">Redirection should be at https://www.sp.edu.sg/wps/portal/vp-spws, but current url is https://www.sp.edu.sg/wps/portal/Home/Welcome/!ut/p/a1/04_Sj9CPykssy0xPLMnMz0vMAfGjzOKd3R09TMx9DAwsXFycDTxdnCzN_MxMDQxcDYAKIoEKDHAARwNC-sP1o1CVGJhYGIGUeLiYW_oaGHiaQRXgsaIgN8Ig01FREQDGF4rz/dl5/d5/L2dBISEvZ0FBIS9nQSEh/</failure><system-err>Redirection should be at https://www.sp.edu.sg/wps/portal/vp-spws, but current url is https://www.sp.edu.sg/wps/portal/Home/Welcome/!ut/p/a1/04_Sj9CPykssy0xPLMnMz0vMAfGjzOKd3R09TMx9DAwsXFycDTxdnCzN_MxMDQxcDYAKIoEKDHAARwNC-sP1o1CVGJhYGIGUeLiYW_oaGHiaQRXgsaIgN8Ig01FREQDGF4rz/dl5/d5/L2dBISEvZ0FBIS9nQSEh/&#13;
com.jomighty.testurl.test.steps.AccessSteps.should_see_https(AccessSteps.java:21)&#13;
com.jomighty.testurl.test.features.accesspage.WhenUserAccessPage.a_when_http_redirect_https_testcase_4(WhenUserAccessPage.java:57)&#13;
</system-err></testcase><testcase classname="com.jomighty.testurl.test.features.accesspage.WhenUserAccessPage" name="A when http redirect https testcase 5"><failure message="Redirection should be at https://www.sp.edu.sg/wps/portal/vp-spws, but current url is https://www.sp.edu.sg/wps/portal/Home/Welcome/!ut/p/a1/04_Sj9CPykssy0xPLMnMz0vMAfGjzOKd3R09TMx9DAwsXFycDTxdnCzN_MxMDQxcDYAKIoEKDHAARwNC-sP1o1CVGJhYGIGUeLiYW_oaGHiaQRXgsaIgN8Ig01FREQDGF4rz/dl5/d5/L2dBISEvZ0FBIS9nQSEh/" type="java.lang.AssertionError">Redirection should be at https://www.sp.edu.sg/wps/portal/vp-spws, but current url is https://www.sp.edu.sg/wps/portal/Home/Welcome/!ut/p/a1/04_Sj9CPykssy0xPLMnMz0vMAfGjzOKd3R09TMx9DAwsXFycDTxdnCzN_MxMDQxcDYAKIoEKDHAARwNC-sP1o1CVGJhYGIGUeLiYW_oaGHiaQRXgsaIgN8Ig01FREQDGF4rz/dl5/d5/L2dBISEvZ0FBIS9nQSEh/</failure><system-err>Redirection should be at https://www.sp.edu.sg/wps/portal/vp-spws, but current url is https://www.sp.edu.sg/wps/portal/Home/Welcome/!ut/p/a1/04_Sj9CPykssy0xPLMnMz0vMAfGjzOKd3R09TMx9DAwsXFycDTxdnCzN_MxMDQxcDYAKIoEKDHAARwNC-sP1o1CVGJhYGIGUeLiYW_oaGHiaQRXgsaIgN8Ig01FREQDGF4rz/dl5/d5/L2dBISEvZ0FBIS9nQSEh/&#13;
com.jomighty.testurl.test.steps.AccessSteps.should_see_https(AccessSteps.java:21)&#13;
com.jomighty.testurl.test.features.accesspage.WhenUserAccessPage.a_when_http_redirect_https_testcase_5(WhenUserAccessPage.java:63)&#13;
</system-err></testcase><testcase classname="com.jomighty.testurl.test.features.accesspage.WhenUserAccessPage" name="B when http map redirect https testcase 1"/><testcase classname="com.jomighty.testurl.test.features.accesspage.WhenUserAccessPage" name="B when https map redirect https testcase 2"/><testcase classname="com.jomighty.testurl.test.features.accesspage.WhenUserAccessPage" name="C when mobile http redirect https testcase 1"/><testcase classname="com.jomighty.testurl.test.features.accesspage.WhenUserAccessPage" name="C when mobile https redirect https testcase 2"/><testcase classname="com.jomighty.testurl.test.features.accesspage.WhenUserAccessPage" name="D when test subdir testcase 1"/><testcase classname="com.jomighty.testurl.test.features.accesspage.WhenUserAccessPage" name="D when test subdir testcase 2"/><testcase classname="com.jomighty.testurl.test.features.accesspage.WhenUserAccessPage" name="D when test subdir testcase 3"/><testcase classname="com.jomighty.testurl.test.features.accesspage.WhenUserAccessPage" name="D when test subdir testcase 4"/><testcase classname="com.jomighty.testurl.test.features.accesspage.WhenUserAccessPage" name="D when test subdir testcase 5"/><testcase classname="com.jomighty.testurl.test.features.accesspage.WhenUserAccessPage" name="D when test subdir testcase 6"/><testcase classname="com.jomighty.testurl.test.features.accesspage.WhenUserAccessPage" name="D when test subdir testcase 7"/><testcase classname="com.jomighty.testurl.test.features.accesspage.WhenUserAccessPage" name="E when google search redirection testcase 1"/><testcase classname="com.jomighty.testurl.test.features.accesspage.WhenUserAccessPage" name="F when google mobile search redirection testcase 1"/></testsuite>